This file contains any messages produced by compilers while
running configure, to aid debugging if configure makes a mistake.

It was created by MLIFE configure 1.0, which was
generated by GNU Autoconf 2.69.  Invocation command line was

  $ ./configure 

## --------- ##
## Platform. ##
## --------- ##

hostname = DESKTOP-8IOOUAF
uname -m = x86_64
uname -r = 4.4.0-18362-Microsoft
uname -s = Linux
uname -v = #836-Microsoft Mon May 05 16:04:00 PST 2020

/usr/bin/uname -p = x86_64
/bin/uname -X     = unknown

/bin/arch              = x86_64
/usr/bin/arch -k       = unknown
/usr/convex/getsysinfo = unknown
/usr/bin/hostinfo      = unknown
/bin/machine           = unknown
/usr/bin/oslevel       = unknown
/bin/universe          = unknown

PATH: /usr/local/sbin
PATH: /usr/local/bin
PATH: /usr/sbin
PATH: /usr/bin
PATH: /sbin
PATH: /bin
PATH: /usr/games
PATH: /usr/local/games
PATH: /mnt/c/Program Files (x86)/Intel/Intel(R) Management Engine Components/iCLS/
PATH: /mnt/c/Program Files/Intel/Intel(R) Management Engine Components/iCLS/
PATH: /mnt/c/ProgramData/Oracle/Java/javapath
PATH: /mnt/c/ProgramData/watcom-1.3/binnt
PATH: /mnt/c/ProgramData/watcom-1.3/binw
PATH: /mnt/c/WINDOWS/system32
PATH: /mnt/c/WINDOWS
PATH: /mnt/c/WINDOWS/System32/Wbem
PATH: /mnt/c/WINDOWS/System32/WindowsPowerShell/v1.0/
PATH: /mnt/c/Users/event/AppData/Local/Programs/Python/Python36
PATH: /mnt/c/WINDOWS/System32/OpenSSH/
PATH: /mnt/c/Program Files (x86)/Intel/Intel(R) Management Engine Components/DAL
PATH: /mnt/c/Program Files/Intel/Intel(R) Management Engine Components/DAL
PATH: /mnt/c/Program Files (x86)/Intel/Intel(R) Management Engine Components/IPT
PATH: /mnt/c/Program Files/Intel/Intel(R) Management Engine Components/IPT
PATH: /mnt/c/Program Files/Microsoft VS Code/bin
PATH: /mnt/c/Program Files/Intel/WiFi/bin/
PATH: /mnt/c/Program Files/Common Files/Intel/WirelessCommon/
PATH: /mnt/c/Program Files/Git/cmd
PATH: /mnt/c/MinGW/bin
PATH: /mnt/c/Users/event/AppData/Local/Microsoft/WindowsApps
PATH: /mnt/c/Program Files/Intel/WiFi/bin/
PATH: /mnt/c/Program Files/Common Files/Intel/WirelessCommon/
PATH: /mnt/c/Users/event/AppData/Local/atom/bin
PATH: /snap/bin


## ----------- ##
## Core tests. ##
## ----------- ##

configure:1897: checking for how to compile MPI program in C
configure:1922: result: /bin/mpicc
configure:1931: checking for how to compile MPI program in Fortran
configure:1959: result: /bin/mpiff90
configure:2026: checking for gcc
configure:2053: result: /bin/mpicc
configure:2282: checking for C compiler version
configure:2291: /bin/mpicc --version >&5
gcc (Ubuntu 9.3.0-10ubuntu2) 9.3.0
Copyright (C) 2019 Free Software Foundation, Inc.
This is free software; see the source for copying conditions.  There is NO
warranty; not even for MERCHANTABILITY or FITNESS FOR A PARTICULAR PURPOSE.

configure:2302: $? = 0
configure:2291: /bin/mpicc -v >&5
Using built-in specs.
COLLECT_GCC=/usr/bin/gcc
COLLECT_LTO_WRAPPER=/usr/lib/gcc/x86_64-linux-gnu/9/lto-wrapper
OFFLOAD_TARGET_NAMES=nvptx-none:hsa
OFFLOAD_TARGET_DEFAULT=1
Target: x86_64-linux-gnu
Configured with: ../src/configure -v --with-pkgversion='Ubuntu 9.3.0-10ubuntu2' --with-bugurl=file:///usr/share/doc/gcc-9/README.Bugs --enable-languages=c,ada,c++,go,brig,d,fortran,objc,obj-c++,gm2 --prefix=/usr --with-gcc-major-version-only --program-suffix=-9 --program-prefix=x86_64-linux-gnu- --enable-shared --enable-linker-build-id --libexecdir=/usr/lib --without-included-gettext --enable-threads=posix --libdir=/usr/lib --enable-nls --enable-clocale=gnu --enable-libstdcxx-debug --enable-libstdcxx-time=yes --with-default-libstdcxx-abi=new --enable-gnu-unique-object --disable-vtable-verify --enable-plugin --enable-default-pie --with-system-zlib --with-target-system-zlib=auto --enable-objc-gc=auto --enable-multiarch --disable-werror --with-arch-32=i686 --with-abi=m64 --with-multilib-list=m32,m64,mx32 --enable-multilib --with-tune=generic --enable-offload-targets=nvptx-none,hsa --without-cuda-driver --enable-checking=release --build=x86_64-linux-gnu --host=x86_64-linux-gnu --target=x86_64-linux-gnu
Thread model: posix
gcc version 9.3.0 (Ubuntu 9.3.0-10ubuntu2) 
configure:2302: $? = 0
configure:2291: /bin/mpicc -V >&5
gcc: error: unrecognized command line option '-V'
gcc: fatal error: no input files
compilation terminated.
configure:2302: $? = 1
configure:2291: /bin/mpicc -qversion >&5
gcc: error: unrecognized command line option '-qversion'; did you mean '--version'?
gcc: fatal error: no input files
compilation terminated.
configure:2302: $? = 1
configure:2322: checking whether the C compiler works
configure:2344: /bin/mpicc    conftest.c  >&5
configure:2348: $? = 0
configure:2396: result: yes
configure:2399: checking for C compiler default output file name
configure:2401: result: a.out
configure:2407: checking for suffix of executables
configure:2414: /bin/mpicc -o conftest    conftest.c  >&5
configure:2418: $? = 0
configure:2440: result: 
configure:2462: checking whether we are cross compiling
configure:2470: /bin/mpicc -o conftest    conftest.c  >&5
configure:2474: $? = 0
configure:2481: ./conftest
configure:2485: $? = 0
configure:2473: result: no
configure:2478: checking for suffix of object files
configure:2500: /bin/mpicc -c   conftest.c >&5
configure:2504: $? = 0
configure:2525: result: o
configure:2529: checking whether we are using the GNU C compiler
configure:2548: /bin/mpicc -c   conftest.c >&5
configure:2548: $? = 0
configure:2557: result: yes
configure:2566: checking whether /bin/mpicc accepts -g
configure:2586: /bin/mpicc -c -g  conftest.c >&5
configure:2586: $? = 0
configure:2627: result: yes
configure:2644: checking for /bin/mpicc option to accept ISO C89
configure:2707: /bin/mpicc  -c   conftest.c >&5
configure:2707: $? = 0
configure:2720: result: none needed
configure:2741: checking for working volatile
configure:2760: /bin/mpicc -c   conftest.c >&5
configure:2760: $? = 0
configure:2767: result: yes
configure:2775: checking for C/C++ restrict keyword
configure:2800: /bin/mpicc -c   conftest.c >&5
configure:2800: $? = 0
configure:2808: result: __restrict
configure:2821: checking for inline
configure:2837: /bin/mpicc -c   conftest.c >&5
configure:2837: $? = 0
configure:2845: result: inline
configure:2870: checking for drand48
configure:2870: /bin/mpicc -o conftest    conftest.c  >&5
configure:2870: $? = 0
configure:2870: result: yes
configure:2870: checking for nanosleep
configure:2870: /bin/mpicc -o conftest    conftest.c  >&5
configure:2870: $? = 0
configure:2870: result: yes
configure:3031: creating ./config.status

## ---------------------- ##
## Running config.status. ##
## ---------------------- ##

This file was extended by MLIFE config.status 1.0, which was
generated by GNU Autoconf 2.69.  Invocation command line was

  CONFIG_FILES    = 
  CONFIG_HEADERS  = 
  CONFIG_LINKS    = 
  CONFIG_COMMANDS = 
  $ ./config.status 

on DESKTOP-8IOOUAF

config.status:792: creating Makefile
config.status:792: creating code-examples-c/Makefile
config.status:792: creating code-examples-f9x/Makefile
config.status:792: creating code-examples-c/mlifeconf.h

## ---------------- ##
## Cache variables. ##
## ---------------- ##

ac_cv_c_compiler_gnu=yes
ac_cv_c_inline=inline
ac_cv_c_restrict=__restrict
ac_cv_c_volatile=yes
ac_cv_env_CC_set=
ac_cv_env_CC_value=
ac_cv_env_CFLAGS_set=
ac_cv_env_CFLAGS_value=
ac_cv_env_CPPFLAGS_set=
ac_cv_env_CPPFLAGS_value=
ac_cv_env_LDFLAGS_set=
ac_cv_env_LDFLAGS_value=
ac_cv_env_LIBS_set=
ac_cv_env_LIBS_value=
ac_cv_env_build_alias_set=
ac_cv_env_build_alias_value=
ac_cv_env_host_alias_set=
ac_cv_env_host_alias_value=
ac_cv_env_target_alias_set=
ac_cv_env_target_alias_value=
ac_cv_func_drand48=yes
ac_cv_func_nanosleep=yes
ac_cv_objext=o
ac_cv_prog_ac_ct_CC=/bin/mpicc
ac_cv_prog_cc_c89=
ac_cv_prog_cc_g=yes

## ----------------- ##
## Output variables. ##
## ----------------- ##

CC='/bin/mpicc'
CFLAGS=''
CPPFLAGS=''
DEFS='-DHAVE_CONFIG_H'
ECHO_C=''
ECHO_N='-n'
ECHO_T=''
EXEEXT=''
FCFLAGS=''
FPMPI2_DIR=''
LDFLAGS=''
LIBOBJS=''
LIBS=''
LTLIBOBJS=''
MPICC='/bin/mpicc'
MPIFORT='/bin/mpiff90'
MPI_DIR=''
OBJEXT='o'
PACKAGE_BUGREPORT='wgropp@illinois.edu'
PACKAGE_NAME='MLIFE'
PACKAGE_STRING='MLIFE 1.0'
PACKAGE_TARNAME='mlife'
PACKAGE_URL='http://www.cs.illinois.edu/~wgropp/advmpi'
PACKAGE_VERSION='1.0'
PATH_SEPARATOR=':'
PNETCDF_DIR=''
SHELL='/bin/bash'
ac_ct_CC='/bin/mpicc'
bindir='${exec_prefix}/bin'
build_alias=''
datadir='${datarootdir}'
datarootdir='${prefix}/share'
docdir='${datarootdir}/doc/${PACKAGE_TARNAME}'
dvidir='${docdir}'
exec_prefix='${prefix}'
host_alias=''
htmldir='${docdir}'
includedir='${prefix}/include'
infodir='${datarootdir}/info'
libdir='${exec_prefix}/lib'
libexecdir='${exec_prefix}/libexec'
localedir='${datarootdir}/locale'
localstatedir='${prefix}/var'
mandir='${datarootdir}/man'
oldincludedir='/usr/include'
pdfdir='${docdir}'
prefix='/usr/local'
program_transform_name='s,x,x,'
psdir='${docdir}'
sbindir='${exec_prefix}/sbin'
sharedstatedir='${prefix}/com'
sysconfdir='${prefix}/etc'
target_alias=''

## ----------- ##
## confdefs.h. ##
## ----------- ##

/* confdefs.h */
#define PACKAGE_NAME "MLIFE"
#define PACKAGE_TARNAME "mlife"
#define PACKAGE_VERSION "1.0"
#define PACKAGE_STRING "MLIFE 1.0"
#define PACKAGE_BUGREPORT "wgropp@illinois.edu"
#define PACKAGE_URL "http://www.cs.illinois.edu/~wgropp/advmpi"
#define restrict __restrict
#define HAVE_DRAND48 1
#define HAVE_NANOSLEEP 1

configure: exit 0
